2015-11-06 13:28:47 - INFO - build_flat.py:37 - creating np array from HWY_OD_TimeCost
2015-11-06 13:28:55 - INFO - build_flat.py:60 - working on file:
2015-11-06 13:29:02 - INFO - build_flat.py:60 - working on file:
2015-11-06 13:29:08 - INFO - build_flat.py:60 - working on file:
2015-11-06 13:29:14 - INFO - build_flat.py:60 - working on file:
2015-11-06 13:29:49 - INFO - build_flat.py:37 - creating np array from HWY_OD_TimeCost
2015-11-06 13:29:58 - INFO - build_flat.py:60 - working on file: HWY_OP_HOV_DISTANCE.csv
2015-11-06 13:30:04 - INFO - build_flat.py:60 - working on file: HWY_OP_HOV_TIME.csv
2015-11-06 13:30:10 - INFO - build_flat.py:60 - working on file: HWY_OP_HOV_TOLL.csv
2015-11-06 13:30:16 - INFO - build_flat.py:60 - working on file: HWY_OP_SOV_DISTANCE.csv
2015-11-06 13:30:23 - INFO - build_flat.py:60 - working on file: HWY_OP_SOV_TIME.csv
2015-11-06 13:30:29 - INFO - build_flat.py:60 - working on file: HWY_OP_SOV_TOLL.csv
2015-11-06 13:30:35 - INFO - build_flat.py:60 - working on file: HWY_PK_HOV_DISTANCE.csv
2015-11-06 13:30:41 - INFO - build_flat.py:60 - working on file: HWY_PK_HOV_TIME.csv
2015-11-06 13:30:47 - INFO - build_flat.py:60 - working on file: HWY_PK_HOV_TOLL.csv
2015-11-06 13:30:53 - INFO - build_flat.py:60 - working on file: HWY_PK_SOV_DISTANCE.csv
2015-11-06 13:30:59 - INFO - build_flat.py:60 - working on file: HWY_PK_SOV_TIME.csv
2015-11-06 13:31:20 - INFO - build_flat.py:78 - done
2015-11-06 13:31:20 - INFO - build_flat.py:37 - creating np array from ModeChoice_OD_byPurposeIncomeMode
2015-11-06 13:31:29 - INFO - build_flat.py:60 - working on file: MODE_HBS_Inc5_WCRail.csv
2015-11-06 13:31:35 - INFO - build_flat.py:60 - working on file: MODE_HBS_Inc5_WexpBus.csv
2015-11-06 13:31:42 - INFO - build_flat.py:60 - working on file: MODE_HBS_Inc5_WRail.csv
2015-11-06 13:31:48 - INFO - build_flat.py:60 - working on file: MODE_HBW_Inc1_DA.csv
2015-11-06 13:31:54 - INFO - build_flat.py:60 - working on file: MODE_HBW_Inc1_DBus.csv
2015-11-06 13:32:00 - INFO - build_flat.py:60 - working on file: MODE_HBW_Inc1_DCRail.csv
2015-11-06 13:32:07 - INFO - build_flat.py:60 - working on file: MODE_HBW_Inc1_DexpBus.csv
2015-11-06 13:32:13 - INFO - build_flat.py:60 - working on file: MODE_HBW_Inc1_DRail.csv
2015-11-06 13:32:19 - INFO - build_flat.py:60 - working on file: MODE_HBW_Inc1_SR2.csv
2015-11-06 13:32:25 - INFO - build_flat.py:60 - working on file: MODE_HBW_Inc1_SR3.csv
2015-11-06 13:32:31 - INFO - build_flat.py:60 - working on file: MODE_HBW_Inc1_WBus.csv
2015-11-06 13:32:37 - INFO - build_flat.py:60 - working on file: MODE_HBW_Inc1_WCRail.csv
2015-11-06 13:32:43 - INFO - build_flat.py:60 - working on file: MODE_HBW_Inc1_WexpBus.csv
2015-11-06 13:32:49 - INFO - build_flat.py:60 - working on file: MODE_HBW_Inc1_WRail.csv
2015-11-06 13:32:55 - INFO - build_flat.py:60 - working on file: MODE_HBW_Inc2_DA.csv
2015-11-06 13:33:01 - INFO - build_flat.py:60 - working on file: MODE_HBW_Inc2_DBus.csv
2015-11-06 13:33:07 - INFO - build_flat.py:60 - working on file: MODE_HBW_Inc2_DCRail.csv
2015-11-06 13:33:13 - INFO - build_flat.py:60 - working on file: MODE_HBW_Inc2_DexpBus.csv
2015-11-06 13:33:19 - INFO - build_flat.py:60 - working on file: MODE_HBW_Inc2_DRail.csv
2015-11-06 13:33:25 - INFO - build_flat.py:60 - working on file: MODE_HBW_Inc2_SR2.csv
2015-11-06 13:33:31 - INFO - build_flat.py:60 - working on file: MODE_HBW_Inc2_SR3.csv
2015-11-06 13:33:37 - INFO - build_flat.py:60 - working on file: MODE_HBW_Inc2_WBus.csv
2015-11-06 13:33:43 - INFO - build_flat.py:60 - working on file: MODE_HBW_Inc2_WCRail.csv
2015-11-06 13:33:49 - INFO - build_flat.py:60 - working on file: MODE_HBW_Inc2_WexpBus.csv
2015-11-06 13:33:55 - INFO - build_flat.py:60 - working on file: MODE_HBW_Inc2_WRail.csv
2015-11-06 13:34:02 - INFO - build_flat.py:60 - working on file: MODE_HBW_Inc3_DA.csv
2015-11-06 13:34:08 - INFO - build_flat.py:60 - working on file: MODE_HBW_Inc3_DBus.csv
2015-11-06 13:34:14 - INFO - build_flat.py:60 - working on file: MODE_HBW_Inc3_DCRail.csv
2015-11-06 13:34:20 - INFO - build_flat.py:60 - working on file: MODE_HBW_Inc3_DexpBus.csv
2015-11-06 13:34:26 - INFO - build_flat.py:60 - working on file: MODE_HBW_Inc3_DRail.csv
2015-11-06 13:34:32 - INFO - build_flat.py:60 - working on file: MODE_HBW_Inc3_SR2.csv
2015-11-06 13:34:38 - INFO - build_flat.py:60 - working on file: MODE_HBW_Inc3_SR3.csv
2015-11-06 13:34:44 - INFO - build_flat.py:60 - working on file: MODE_HBW_Inc3_WBus.csv
2015-11-06 13:34:50 - INFO - build_flat.py:60 - working on file: MODE_HBW_Inc3_WCRail.csv
2015-11-06 13:34:56 - INFO - build_flat.py:60 - working on file: MODE_HBW_Inc3_WexpBus.csv
2015-11-06 13:35:02 - INFO - build_flat.py:60 - working on file: MODE_HBW_Inc3_WRail.csv
2015-11-06 13:35:08 - INFO - build_flat.py:60 - working on file: MODE_HBW_Inc4_DA.csv
2015-11-06 13:35:14 - INFO - build_flat.py:60 - working on file: MODE_HBW_Inc4_DBus.csv
2015-11-06 13:35:20 - INFO - build_flat.py:60 - working on file: MODE_HBW_Inc4_DCRail.csv
2015-11-06 13:35:27 - INFO - build_flat.py:60 - working on file: MODE_HBW_Inc4_DexpBus.csv
2015-11-06 13:35:33 - INFO - build_flat.py:60 - working on file: MODE_HBW_Inc4_DRail.csv
2015-11-06 13:35:39 - INFO - build_flat.py:60 - working on file: MODE_HBW_Inc4_SR2.csv
2015-11-06 13:35:45 - INFO - build_flat.py:60 - working on file: MODE_HBW_Inc4_SR3.csv
2015-11-06 13:38:32 - INFO - build_flat.py:37 - creating np array from HWY_OD_TimeCost
2015-11-06 13:38:36 - INFO - build_flat.py:60 - working on file: HWY_OP_HOV_DISTANCE.csv
2015-11-06 13:38:40 - INFO - build_flat.py:60 - working on file: HWY_OP_HOV_TIME.csv
2015-11-06 13:38:44 - INFO - build_flat.py:60 - working on file: HWY_OP_HOV_TOLL.csv
2015-11-06 13:38:48 - INFO - build_flat.py:60 - working on file: HWY_OP_SOV_DISTANCE.csv
2015-11-06 13:38:51 - INFO - build_flat.py:60 - working on file: HWY_OP_SOV_TIME.csv
2015-11-06 13:38:52 - INFO - build_flat.py:60 - working on file: HWY_OP_SOV_TOLL.csv
2015-11-06 13:38:54 - INFO - build_flat.py:60 - working on file: HWY_PK_HOV_DISTANCE.csv
2015-11-06 13:38:56 - INFO - build_flat.py:60 - working on file: HWY_PK_HOV_TIME.csv
2015-11-06 13:38:58 - INFO - build_flat.py:60 - working on file: HWY_PK_HOV_TOLL.csv
2015-11-06 13:39:00 - INFO - build_flat.py:60 - working on file: HWY_PK_SOV_DISTANCE.csv
2015-11-06 13:39:01 - INFO - build_flat.py:60 - working on file: HWY_PK_SOV_TIME.csv
2015-11-06 13:39:13 - INFO - build_flat.py:78 - done
2015-11-06 13:39:13 - INFO - build_flat.py:37 - creating np array from ModeChoice_OD_byPurposeIncomeMode
2015-11-06 13:39:17 - INFO - build_flat.py:60 - working on file: MODE_HBS_Inc5_WCRail.csv
2015-11-06 13:39:19 - INFO - build_flat.py:60 - working on file: MODE_HBS_Inc5_WexpBus.csv
2015-11-06 13:39:21 - INFO - build_flat.py:60 - working on file: MODE_HBS_Inc5_WRail.csv
2015-11-06 13:39:23 - INFO - build_flat.py:60 - working on file: MODE_HBW_Inc1_DA.csv
2015-11-06 13:39:24 - INFO - build_flat.py:60 - working on file: MODE_HBW_Inc1_DBus.csv
2015-11-06 13:39:26 - INFO - build_flat.py:60 - working on file: MODE_HBW_Inc1_DCRail.csv
2015-11-06 13:39:28 - INFO - build_flat.py:60 - working on file: MODE_HBW_Inc1_DexpBus.csv
2015-11-06 13:39:30 - INFO - build_flat.py:60 - working on file: MODE_HBW_Inc1_DRail.csv
2015-11-06 13:39:31 - INFO - build_flat.py:60 - working on file: MODE_HBW_Inc1_SR2.csv
2015-11-06 13:39:33 - INFO - build_flat.py:60 - working on file: MODE_HBW_Inc1_SR3.csv
2015-11-06 13:39:35 - INFO - build_flat.py:60 - working on file: MODE_HBW_Inc1_WBus.csv
2015-11-06 13:39:37 - INFO - build_flat.py:60 - working on file: MODE_HBW_Inc1_WCRail.csv
2015-11-06 13:39:38 - INFO - build_flat.py:60 - working on file: MODE_HBW_Inc1_WexpBus.csv
2015-11-06 13:39:40 - INFO - build_flat.py:60 - working on file: MODE_HBW_Inc1_WRail.csv
2015-11-06 13:39:42 - INFO - build_flat.py:60 - working on file: MODE_HBW_Inc2_DA.csv
2015-11-06 13:39:44 - INFO - build_flat.py:60 - working on file: MODE_HBW_Inc2_DBus.csv
2015-11-06 13:39:45 - INFO - build_flat.py:60 - working on file: MODE_HBW_Inc2_DCRail.csv
2015-11-06 13:39:47 - INFO - build_flat.py:60 - working on file: MODE_HBW_Inc2_DexpBus.csv
2015-11-06 13:39:49 - INFO - build_flat.py:60 - working on file: MODE_HBW_Inc2_DRail.csv
2015-11-06 13:39:51 - INFO - build_flat.py:60 - working on file: MODE_HBW_Inc2_SR2.csv
2015-11-06 13:39:52 - INFO - build_flat.py:60 - working on file: MODE_HBW_Inc2_SR3.csv
2015-11-06 13:39:54 - INFO - build_flat.py:60 - working on file: MODE_HBW_Inc2_WBus.csv
2015-11-06 13:39:56 - INFO - build_flat.py:60 - working on file: MODE_HBW_Inc2_WCRail.csv
2015-11-06 13:39:58 - INFO - build_flat.py:60 - working on file: MODE_HBW_Inc2_WexpBus.csv
2015-11-06 13:39:59 - INFO - build_flat.py:60 - working on file: MODE_HBW_Inc2_WRail.csv
2015-11-06 13:40:01 - INFO - build_flat.py:60 - working on file: MODE_HBW_Inc3_DA.csv
2015-11-06 13:40:03 - INFO - build_flat.py:60 - working on file: MODE_HBW_Inc3_DBus.csv
2015-11-06 13:40:05 - INFO - build_flat.py:60 - working on file: MODE_HBW_Inc3_DCRail.csv
2015-11-06 13:40:06 - INFO - build_flat.py:60 - working on file: MODE_HBW_Inc3_DexpBus.csv
2015-11-06 13:40:08 - INFO - build_flat.py:60 - working on file: MODE_HBW_Inc3_DRail.csv
2015-11-06 13:40:10 - INFO - build_flat.py:60 - working on file: MODE_HBW_Inc3_SR2.csv
2015-11-06 13:40:12 - INFO - build_flat.py:60 - working on file: MODE_HBW_Inc3_SR3.csv
2015-11-06 13:40:13 - INFO - build_flat.py:60 - working on file: MODE_HBW_Inc3_WBus.csv
2015-11-06 13:40:15 - INFO - build_flat.py:60 - working on file: MODE_HBW_Inc3_WCRail.csv
2015-11-06 13:40:17 - INFO - build_flat.py:60 - working on file: MODE_HBW_Inc3_WexpBus.csv
2015-11-06 13:40:18 - INFO - build_flat.py:60 - working on file: MODE_HBW_Inc3_WRail.csv
2015-11-06 13:40:20 - INFO - build_flat.py:60 - working on file: MODE_HBW_Inc4_DA.csv
2015-11-06 13:40:22 - INFO - build_flat.py:60 - working on file: MODE_HBW_Inc4_DBus.csv
2015-11-06 13:40:23 - INFO - build_flat.py:60 - working on file: MODE_HBW_Inc4_DCRail.csv
2015-11-06 13:40:25 - INFO - build_flat.py:60 - working on file: MODE_HBW_Inc4_DexpBus.csv
2015-11-06 13:40:27 - INFO - build_flat.py:60 - working on file: MODE_HBW_Inc4_DRail.csv
2015-11-06 13:40:28 - INFO - build_flat.py:60 - working on file: MODE_HBW_Inc4_SR2.csv
2015-11-06 13:40:30 - INFO - build_flat.py:60 - working on file: MODE_HBW_Inc4_SR3.csv
2015-11-06 13:40:32 - INFO - build_flat.py:60 - working on file: MODE_HBW_Inc4_WBus.csv
2015-11-06 13:40:33 - INFO - build_flat.py:60 - working on file: MODE_HBW_Inc4_WCRail.csv
2015-11-06 13:40:35 - INFO - build_flat.py:60 - working on file: MODE_HBW_Inc4_WexpBus.csv
2015-11-06 13:40:37 - INFO - build_flat.py:60 - working on file: MODE_HBW_Inc4_WRail.csv
2015-11-06 13:40:38 - INFO - build_flat.py:60 - working on file: MODE_HBW_Inc5_DA.csv
2015-11-06 13:40:40 - INFO - build_flat.py:60 - working on file: MODE_HBW_Inc5_DBus.csv
2015-11-06 13:40:42 - INFO - build_flat.py:60 - working on file: MODE_HBW_Inc5_DCRail.csv
2015-11-06 13:40:44 - INFO - build_flat.py:60 - working on file: MODE_HBW_Inc5_DexpBus.csv
2015-11-06 13:40:45 - INFO - build_flat.py:60 - working on file: MODE_HBW_Inc5_DRail.csv
2015-11-06 13:40:47 - INFO - build_flat.py:60 - working on file: MODE_HBW_Inc5_SR2.csv
2015-11-06 13:40:49 - INFO - build_flat.py:60 - working on file: MODE_HBW_Inc5_SR3.csv
2015-11-06 13:40:50 - INFO - build_flat.py:60 - working on file: MODE_HBW_Inc5_WBus.csv
2015-11-06 13:40:52 - INFO - build_flat.py:60 - working on file: MODE_HBW_Inc5_WCRail.csv
2015-11-06 13:40:54 - INFO - build_flat.py:60 - working on file: MODE_HBW_Inc5_WexpBus.csv
2015-11-06 13:40:55 - INFO - build_flat.py:60 - working on file: MODE_HBW_Inc5_WRail.csv
2015-11-06 13:40:57 - INFO - build_flat.py:60 - working on file: MODE_NHBW_DA.csv
2015-11-06 13:40:59 - INFO - build_flat.py:60 - working on file: MODE_NHBW_DBus.csv
2015-11-06 13:41:01 - INFO - build_flat.py:60 - working on file: MODE_NHBW_DCRail.csv
2015-11-06 13:41:02 - INFO - build_flat.py:60 - working on file: MODE_NHBW_DexpBus.csv
2015-11-06 13:41:04 - INFO - build_flat.py:60 - working on file: MODE_NHBW_DRail.csv
2015-11-06 13:41:06 - INFO - build_flat.py:60 - working on file: MODE_NHBW_SR2.csv
2015-11-06 13:41:07 - INFO - build_flat.py:60 - working on file: MODE_NHBW_SR3.csv
2015-11-06 13:41:09 - INFO - build_flat.py:60 - working on file: MODE_NHBW_WBus.csv
2015-11-06 13:41:11 - INFO - build_flat.py:60 - working on file: MODE_NHBW_WCRail.csv
2015-11-06 13:41:12 - INFO - build_flat.py:60 - working on file: MODE_NHBW_WexpBus.csv
2015-11-06 13:41:14 - INFO - build_flat.py:60 - working on file: MODE_NHBW_WRail.csv
2015-11-06 13:41:16 - INFO - build_flat.py:60 - working on file: MODE_OBO_DA.csv
2015-11-06 13:41:17 - INFO - build_flat.py:60 - working on file: MODE_OBO_DBus.csv
2015-11-06 13:41:19 - INFO - build_flat.py:60 - working on file: MODE_OBO_DCRail.csv
2015-11-06 13:41:21 - INFO - build_flat.py:60 - working on file: MODE_OBO_DexpBus.csv
2015-11-06 13:41:22 - INFO - build_flat.py:60 - working on file: MODE_OBO_DRail.csv
2015-11-06 13:41:24 - INFO - build_flat.py:60 - working on file: MODE_OBO_SR2.csv
2015-11-06 13:41:26 - INFO - build_flat.py:60 - working on file: MODE_OBO_SR3.csv
2015-11-06 13:41:28 - INFO - build_flat.py:60 - working on file: MODE_OBO_WBus.csv
2015-11-06 13:41:29 - INFO - build_flat.py:60 - working on file: MODE_OBO_WCRail.csv
2015-11-06 13:41:31 - INFO - build_flat.py:60 - working on file: MODE_OBO_WexpBus.csv
2015-11-06 13:41:33 - INFO - build_flat.py:60 - working on file: MODE_OBO_WRail.csv
2015-11-06 13:41:34 - INFO - build_flat.py:60 - working on file: MODE_HBO_Inc1_DA.csv
2015-11-06 13:41:36 - INFO - build_flat.py:60 - working on file: MODE_HBO_Inc1_DBus.csv
2015-11-06 13:41:38 - INFO - build_flat.py:60 - working on file: MODE_HBO_Inc1_DCRail.csv
2015-11-06 13:41:39 - INFO - build_flat.py:60 - working on file: MODE_HBO_Inc1_DexpBus.csv
2015-11-06 13:41:41 - INFO - build_flat.py:60 - working on file: MODE_HBO_Inc1_DRail.csv
2015-11-06 13:41:43 - INFO - build_flat.py:60 - working on file: MODE_HBO_Inc1_SR2.csv
2015-11-06 13:41:44 - INFO - build_flat.py:60 - working on file: MODE_HBO_Inc1_SR3.csv
2015-11-06 13:41:46 - INFO - build_flat.py:60 - working on file: MODE_HBO_Inc1_WBus.csv
2015-11-06 13:41:48 - INFO - build_flat.py:60 - working on file: MODE_HBO_Inc1_WCRail.csv
2015-11-06 13:41:49 - INFO - build_flat.py:60 - working on file: MODE_HBO_Inc1_WexpBus.csv
2015-11-06 13:41:51 - INFO - build_flat.py:60 - working on file: MODE_HBO_Inc1_WRail.csv
2015-11-06 13:41:53 - INFO - build_flat.py:60 - working on file: MODE_HBO_Inc2_DA.csv
2015-11-06 13:41:55 - INFO - build_flat.py:60 - working on file: MODE_HBO_Inc2_DBus.csv
2015-11-06 13:41:56 - INFO - build_flat.py:60 - working on file: MODE_HBO_Inc2_DCRail.csv
2015-11-06 13:41:58 - INFO - build_flat.py:60 - working on file: MODE_HBO_Inc2_DexpBus.csv
2015-11-06 13:42:00 - INFO - build_flat.py:60 - working on file: MODE_HBO_Inc2_DRail.csv
2015-11-06 13:42:01 - INFO - build_flat.py:60 - working on file: MODE_HBO_Inc2_SR2.csv
2015-11-06 13:42:03 - INFO - build_flat.py:60 - working on file: MODE_HBO_Inc2_SR3.csv
2015-11-06 13:42:05 - INFO - build_flat.py:60 - working on file: MODE_HBO_Inc2_WBus.csv
2015-11-06 13:42:06 - INFO - build_flat.py:60 - working on file: MODE_HBO_Inc2_WCRail.csv
2015-11-06 13:42:08 - INFO - build_flat.py:60 - working on file: MODE_HBO_Inc2_WexpBus.csv
2015-11-06 13:42:10 - INFO - build_flat.py:60 - working on file: MODE_HBO_Inc2_WRail.csv
2015-11-06 13:42:11 - INFO - build_flat.py:60 - working on file: MODE_HBO_Inc3_DA.csv
2015-11-06 13:42:13 - INFO - build_flat.py:60 - working on file: MODE_HBO_Inc3_DBus.csv
2015-11-06 13:42:15 - INFO - build_flat.py:60 - working on file: MODE_HBO_Inc3_DCRail.csv
2015-11-06 13:42:16 - INFO - build_flat.py:60 - working on file: MODE_HBO_Inc3_DexpBus.csv
2015-11-06 13:42:18 - INFO - build_flat.py:60 - working on file: MODE_HBO_Inc3_DRail.csv
2015-11-06 13:42:20 - INFO - build_flat.py:60 - working on file: MODE_HBO_Inc3_SR2.csv
2015-11-06 13:42:21 - INFO - build_flat.py:60 - working on file: MODE_HBO_Inc3_SR3.csv
2015-11-06 13:42:23 - INFO - build_flat.py:60 - working on file: MODE_HBO_Inc3_WBus.csv
2015-11-06 13:42:25 - INFO - build_flat.py:60 - working on file: MODE_HBO_Inc3_WCRail.csv
2015-11-06 13:42:26 - INFO - build_flat.py:60 - working on file: MODE_HBO_Inc3_WexpBus.csv
2015-11-06 13:42:28 - INFO - build_flat.py:60 - working on file: MODE_HBO_Inc3_WRail.csv
2015-11-06 13:42:30 - INFO - build_flat.py:60 - working on file: MODE_HBO_Inc4_DA.csv
2015-11-06 13:42:32 - INFO - build_flat.py:60 - working on file: MODE_HBO_Inc4_DBus.csv
2015-11-06 13:42:33 - INFO - build_flat.py:60 - working on file: MODE_HBO_Inc4_DCRail.csv
2015-11-06 13:42:35 - INFO - build_flat.py:60 - working on file: MODE_HBO_Inc4_DexpBus.csv
2015-11-06 13:42:37 - INFO - build_flat.py:60 - working on file: MODE_HBO_Inc4_DRail.csv
2015-11-06 13:42:38 - INFO - build_flat.py:60 - working on file: MODE_HBO_Inc4_SR2.csv
2015-11-06 13:42:40 - INFO - build_flat.py:60 - working on file: MODE_HBO_Inc4_SR3.csv
2015-11-06 13:42:42 - INFO - build_flat.py:60 - working on file: MODE_HBO_Inc4_WBus.csv
2015-11-06 13:42:43 - INFO - build_flat.py:60 - working on file: MODE_HBO_Inc4_WCRail.csv
2015-11-06 13:42:45 - INFO - build_flat.py:60 - working on file: MODE_HBO_Inc4_WexpBus.csv
2015-11-06 13:42:47 - INFO - build_flat.py:60 - working on file: MODE_HBO_Inc4_WRail.csv
2015-11-06 13:42:48 - INFO - build_flat.py:60 - working on file: MODE_HBO_Inc5_DA.csv
2015-11-06 13:42:50 - INFO - build_flat.py:60 - working on file: MODE_HBO_Inc5_DBus.csv
2015-11-06 13:42:52 - INFO - build_flat.py:60 - working on file: MODE_HBO_Inc5_DCRail.csv
2015-11-06 13:42:53 - INFO - build_flat.py:60 - working on file: MODE_HBO_Inc5_DexpBus.csv
2015-11-06 13:42:55 - INFO - build_flat.py:60 - working on file: MODE_HBO_Inc5_DRail.csv
2015-11-06 13:42:57 - INFO - build_flat.py:60 - working on file: MODE_HBO_Inc5_SR2.csv
2015-11-06 13:42:58 - INFO - build_flat.py:60 - working on file: MODE_HBO_Inc5_SR3.csv
2015-11-06 13:43:00 - INFO - build_flat.py:60 - working on file: MODE_HBO_Inc5_WBus.csv
2015-11-06 13:43:02 - INFO - build_flat.py:60 - working on file: MODE_HBO_Inc5_WCRail.csv
2015-11-06 13:43:03 - INFO - build_flat.py:60 - working on file: MODE_HBO_Inc5_WexpBus.csv
2015-11-06 13:43:05 - INFO - build_flat.py:60 - working on file: MODE_HBO_Inc5_WRail.csv
2015-11-06 13:43:07 - INFO - build_flat.py:60 - working on file: MODE_HBS_Inc1_DA.csv
2015-11-06 13:43:08 - INFO - build_flat.py:60 - working on file: MODE_HBS_Inc1_DBus.csv
2015-11-06 13:43:10 - INFO - build_flat.py:60 - working on file: MODE_HBS_Inc1_DCRail.csv
2015-11-06 13:43:12 - INFO - build_flat.py:60 - working on file: MODE_HBS_Inc1_DexpBus.csv
2015-11-06 13:43:14 - INFO - build_flat.py:60 - working on file: MODE_HBS_Inc1_DRail.csv
2015-11-06 13:43:15 - INFO - build_flat.py:60 - working on file: MODE_HBS_Inc1_SR2.csv
2015-11-06 13:43:17 - INFO - build_flat.py:60 - working on file: MODE_HBS_Inc1_SR3.csv
2015-11-06 13:43:19 - INFO - build_flat.py:60 - working on file: MODE_HBS_Inc1_WBus.csv
2015-11-06 13:43:20 - INFO - build_flat.py:60 - working on file: MODE_HBS_Inc1_WCRail.csv
2015-11-06 13:43:22 - INFO - build_flat.py:60 - working on file: MODE_HBS_Inc1_WexpBus.csv
2015-11-06 13:43:24 - INFO - build_flat.py:60 - working on file: MODE_HBS_Inc1_WRail.csv
2015-11-06 13:43:25 - INFO - build_flat.py:60 - working on file: MODE_HBS_Inc2_DA.csv
2015-11-06 13:43:27 - INFO - build_flat.py:60 - working on file: MODE_HBS_Inc2_DBus.csv
2015-11-06 13:43:29 - INFO - build_flat.py:60 - working on file: MODE_HBS_Inc2_DCRail.csv
2015-11-06 13:43:30 - INFO - build_flat.py:60 - working on file: MODE_HBS_Inc2_DexpBus.csv
2015-11-06 13:43:32 - INFO - build_flat.py:60 - working on file: MODE_HBS_Inc2_DRail.csv
2015-11-06 13:43:34 - INFO - build_flat.py:60 - working on file: MODE_HBS_Inc2_SR2.csv
2015-11-06 13:43:35 - INFO - build_flat.py:60 - working on file: MODE_HBS_Inc2_SR3.csv
2015-11-06 13:43:37 - INFO - build_flat.py:60 - working on file: MODE_HBS_Inc2_WBus.csv
2015-11-06 13:43:39 - INFO - build_flat.py:60 - working on file: MODE_HBS_Inc2_WCRail.csv
2015-11-06 13:43:40 - INFO - build_flat.py:60 - working on file: MODE_HBS_Inc2_WexpBus.csv
2015-11-06 13:43:42 - INFO - build_flat.py:60 - working on file: MODE_HBS_Inc2_WRail.csv
2015-11-06 13:43:44 - INFO - build_flat.py:60 - working on file: MODE_HBS_Inc3_DA.csv
2015-11-06 13:43:45 - INFO - build_flat.py:60 - working on file: MODE_HBS_Inc3_DBus.csv
2015-11-06 13:43:47 - INFO - build_flat.py:60 - working on file: MODE_HBS_Inc3_DCRail.csv
2015-11-06 13:43:49 - INFO - build_flat.py:60 - working on file: MODE_HBS_Inc3_DexpBus.csv
2015-11-06 13:43:51 - INFO - build_flat.py:60 - working on file: MODE_HBS_Inc3_DRail.csv
2015-11-06 13:43:52 - INFO - build_flat.py:60 - working on file: MODE_HBS_Inc3_SR2.csv
2015-11-06 13:43:54 - INFO - build_flat.py:60 - working on file: MODE_HBS_Inc3_SR3.csv
2015-11-06 13:43:56 - INFO - build_flat.py:60 - working on file: MODE_HBS_Inc3_WBus.csv
2015-11-06 13:43:57 - INFO - build_flat.py:60 - working on file: MODE_HBS_Inc3_WCRail.csv
2015-11-06 13:43:59 - INFO - build_flat.py:60 - working on file: MODE_HBS_Inc3_WexpBus.csv
2015-11-06 13:44:01 - INFO - build_flat.py:60 - working on file: MODE_HBS_Inc3_WRail.csv
2015-11-06 13:44:02 - INFO - build_flat.py:60 - working on file: MODE_HBS_Inc4_DA.csv
2015-11-06 13:44:04 - INFO - build_flat.py:60 - working on file: MODE_HBS_Inc4_DBus.csv
2015-11-06 13:44:06 - INFO - build_flat.py:60 - working on file: MODE_HBS_Inc4_DCRail.csv
2015-11-06 13:44:07 - INFO - build_flat.py:60 - working on file: MODE_HBS_Inc4_DexpBus.csv
2015-11-06 13:44:09 - INFO - build_flat.py:60 - working on file: MODE_HBS_Inc4_DRail.csv
2015-11-06 13:44:11 - INFO - build_flat.py:60 - working on file: MODE_HBS_Inc4_SR2.csv
2015-11-06 13:44:13 - INFO - build_flat.py:60 - working on file: MODE_HBS_Inc4_SR3.csv
2015-11-06 13:44:14 - INFO - build_flat.py:60 - working on file: MODE_HBS_Inc4_WBus.csv
2015-11-06 13:44:16 - INFO - build_flat.py:60 - working on file: MODE_HBS_Inc4_WCRail.csv
2015-11-06 13:44:18 - INFO - build_flat.py:60 - working on file: MODE_HBS_Inc4_WexpBus.csv
2015-11-06 13:44:19 - INFO - build_flat.py:60 - working on file: MODE_HBS_Inc4_WRail.csv
2015-11-06 13:44:21 - INFO - build_flat.py:60 - working on file: MODE_HBS_Inc5_DA.csv
2015-11-06 13:44:23 - INFO - build_flat.py:60 - working on file: MODE_HBS_Inc5_DBus.csv
2015-11-06 13:44:24 - INFO - build_flat.py:60 - working on file: MODE_HBS_Inc5_DCRail.csv
2015-11-06 13:44:26 - INFO - build_flat.py:60 - working on file: MODE_HBS_Inc5_DexpBus.csv
2015-11-06 13:44:28 - INFO - build_flat.py:60 - working on file: MODE_HBS_Inc5_DRail.csv
2015-11-06 13:44:29 - INFO - build_flat.py:60 - working on file: MODE_HBS_Inc5_SR2.csv
2015-11-06 13:44:31 - INFO - build_flat.py:60 - working on file: MODE_HBS_Inc5_SR3.csv
2015-11-06 13:44:33 - INFO - build_flat.py:60 - working on file: MODE_HBS_Inc5_WBus.csv
2015-11-06 13:46:08 - INFO - build_flat.py:78 - done
2015-11-06 13:46:08 - INFO - build_flat.py:37 - creating np array from PersonTrip_OD_byPurposeIncome
2015-11-06 13:46:11 - INFO - build_flat.py:60 - working on file: Trips_HBO_Inc1.csv
2015-11-06 13:46:13 - INFO - build_flat.py:60 - working on file: Trips_HBO_Inc2.csv
2015-11-06 13:46:15 - INFO - build_flat.py:60 - working on file: Trips_HBO_Inc3.csv
2015-11-06 13:46:17 - INFO - build_flat.py:60 - working on file: Trips_HBO_Inc4.csv
2015-11-06 13:46:19 - INFO - build_flat.py:60 - working on file: Trips_HBO_Inc5.csv
2015-11-06 13:46:21 - INFO - build_flat.py:60 - working on file: Trips_HBS_Inc1.csv
2015-11-06 13:46:23 - INFO - build_flat.py:60 - working on file: Trips_HBS_Inc2.csv
2015-11-06 13:46:25 - INFO - build_flat.py:60 - working on file: Trips_HBS_Inc3.csv
2015-11-06 13:46:27 - INFO - build_flat.py:60 - working on file: Trips_HBS_Inc4.csv
2015-11-06 13:46:29 - INFO - build_flat.py:60 - working on file: Trips_HBS_Inc5.csv
2015-11-06 13:46:31 - INFO - build_flat.py:60 - working on file: Trips_HBW_Inc1.csv
2015-11-06 13:46:33 - INFO - build_flat.py:60 - working on file: Trips_HBW_Inc2.csv
2015-11-06 13:46:35 - INFO - build_flat.py:60 - working on file: Trips_HBW_Inc3.csv
2015-11-06 13:46:36 - INFO - build_flat.py:60 - working on file: Trips_HBW_Inc4.csv
2015-11-06 13:46:38 - INFO - build_flat.py:60 - working on file: Trips_HBW_Inc5.csv
2015-11-06 13:46:40 - INFO - build_flat.py:60 - working on file: Trips_NHBW_IncAll.csv
2015-11-06 13:46:41 - INFO - build_flat.py:60 - working on file: Trips_OBO_IncAll.csv
2015-11-06 13:46:55 - INFO - build_flat.py:78 - done
2015-11-06 13:46:55 - INFO - build_flat.py:37 - creating np array from TOD_OD_byPurposeIncomeTODOccupancy
2015-11-06 13:46:58 - INFO - build_flat.py:60 - working on file: TOD_HBW_Inc2_PM_SOV.csv
2015-11-06 13:47:00 - INFO - build_flat.py:60 - working on file: TOD_HBW_Inc3_AM_HOV2.csv
2015-11-06 13:47:02 - INFO - build_flat.py:60 - working on file: TOD_HBW_Inc3_AM_HOV3.csv
2015-11-06 13:47:04 - INFO - build_flat.py:60 - working on file: TOD_HBW_Inc3_AM_SOV.csv
2015-11-06 13:47:06 - INFO - build_flat.py:60 - working on file: TOD_HBW_Inc3_MD_HOV2.csv
2015-11-06 13:47:08 - INFO - build_flat.py:60 - working on file: TOD_HBW_Inc3_MD_HOV3.csv
2015-11-06 13:47:09 - INFO - build_flat.py:60 - working on file: TOD_HBW_Inc3_MD_SOV.csv
2015-11-06 13:47:11 - INFO - build_flat.py:60 - working on file: TOD_HBW_Inc3_PM_HOV2.csv
2015-11-06 13:47:13 - INFO - build_flat.py:60 - working on file: TOD_HBW_Inc3_PM_HOV3.csv
2015-11-06 13:47:15 - INFO - build_flat.py:60 - working on file: TOD_HBW_Inc3_PM_SOV.csv
2015-11-06 13:47:16 - INFO - build_flat.py:60 - working on file: TOD_HBW_Inc4_AM_HOV2.csv
2015-11-06 13:47:18 - INFO - build_flat.py:60 - working on file: TOD_HBW_Inc4_AM_HOV3.csv
2015-11-06 13:47:20 - INFO - build_flat.py:60 - working on file: TOD_HBW_Inc4_AM_SOV.csv
2015-11-06 13:47:22 - INFO - build_flat.py:60 - working on file: TOD_HBW_Inc4_MD_HOV2.csv
2015-11-06 13:47:23 - INFO - build_flat.py:60 - working on file: TOD_HBW_Inc4_MD_HOV3.csv
2015-11-06 13:47:25 - INFO - build_flat.py:60 - working on file: TOD_HBW_Inc4_MD_SOV.csv
2015-11-06 13:47:27 - INFO - build_flat.py:60 - working on file: TOD_HBW_Inc4_PM_HOV2.csv
2015-11-06 13:47:29 - INFO - build_flat.py:60 - working on file: TOD_HBW_Inc4_PM_HOV3.csv
2015-11-06 13:47:30 - INFO - build_flat.py:60 - working on file: TOD_HBW_Inc4_PM_SOV.csv
2015-11-06 13:47:32 - INFO - build_flat.py:60 - working on file: TOD_HBW_Inc5_AM_HOV2.csv
2015-11-06 13:47:34 - INFO - build_flat.py:60 - working on file: TOD_HBW_Inc5_AM_HOV3.csv
2015-11-06 13:47:36 - INFO - build_flat.py:60 - working on file: TOD_HBW_Inc5_AM_SOV.csv
2015-11-06 13:47:37 - INFO - build_flat.py:60 - working on file: TOD_HBW_Inc5_MD_HOV2.csv
2015-11-06 13:47:39 - INFO - build_flat.py:60 - working on file: TOD_HBW_Inc5_MD_HOV3.csv
2015-11-06 13:47:41 - INFO - build_flat.py:60 - working on file: TOD_HBW_Inc5_MD_SOV.csv
2015-11-06 13:47:43 - INFO - build_flat.py:60 - working on file: TOD_HBW_Inc5_PM_HOV2.csv
2015-11-06 13:47:45 - INFO - build_flat.py:60 - working on file: TOD_HBW_Inc5_PM_HOV3.csv
2015-11-06 13:47:46 - INFO - build_flat.py:60 - working on file: TOD_HBW_Inc5_PM_SOV.csv
2015-11-06 13:47:48 - INFO - build_flat.py:60 - working on file: TOD_NHBW_AM_HOV2.csv
2015-11-06 13:47:50 - INFO - build_flat.py:60 - working on file: TOD_NHBW_AM_HOV3.csv
2015-11-06 13:47:52 - INFO - build_flat.py:60 - working on file: TOD_NHBW_AM_SOV.csv
2015-11-06 13:47:53 - INFO - build_flat.py:60 - working on file: TOD_NHBW_MD_HOV2.csv
2015-11-06 13:47:55 - INFO - build_flat.py:60 - working on file: TOD_NHBW_MD_HOV3.csv
2015-11-06 13:47:57 - INFO - build_flat.py:60 - working on file: TOD_NHBW_MD_SOV.csv
2015-11-06 13:47:59 - INFO - build_flat.py:60 - working on file: TOD_NHBW_PM_HOV2.csv
2015-11-06 13:48:00 - INFO - build_flat.py:60 - working on file: TOD_NHBW_PM_HOV3.csv
2015-11-06 13:48:02 - INFO - build_flat.py:60 - working on file: TOD_NHBW_PM_SOV.csv
2015-11-06 13:48:04 - INFO - build_flat.py:60 - working on file: TOD_OBO_AM_HOV2.csv
2015-11-06 13:48:06 - INFO - build_flat.py:60 - working on file: TOD_OBO_AM_HOV3.csv
2015-11-06 13:48:07 - INFO - build_flat.py:60 - working on file: TOD_OBO_AM_SOV.csv
2015-11-06 13:48:09 - INFO - build_flat.py:60 - working on file: TOD_OBO_MD_HOV2.csv
2015-11-06 13:48:11 - INFO - build_flat.py:60 - working on file: TOD_OBO_MD_HOV3.csv
2015-11-06 13:48:13 - INFO - build_flat.py:60 - working on file: TOD_OBO_MD_SOV.csv
2015-11-06 13:48:14 - INFO - build_flat.py:60 - working on file: TOD_OBO_PM_HOV2.csv
2015-11-06 13:48:16 - INFO - build_flat.py:60 - working on file: TOD_OBO_PM_HOV3.csv
2015-11-06 13:48:18 - INFO - build_flat.py:60 - working on file: TOD_OBO_PM_SOV.csv
2015-11-06 13:48:19 - INFO - build_flat.py:60 - working on file: TOD_HBO_Inc1_AM_HOV2.csv
2015-11-06 13:48:21 - INFO - build_flat.py:60 - working on file: TOD_HBO_Inc1_AM_HOV3.csv
2015-11-06 13:48:23 - INFO - build_flat.py:60 - working on file: TOD_HBO_Inc1_AM_SOV.csv
2015-11-06 13:48:24 - INFO - build_flat.py:60 - working on file: TOD_HBO_Inc1_MD_HOV2.csv
2015-11-06 13:48:26 - INFO - build_flat.py:60 - working on file: TOD_HBO_Inc1_MD_HOV3.csv
2015-11-06 13:48:28 - INFO - build_flat.py:60 - working on file: TOD_HBO_Inc1_MD_SOV.csv
2015-11-06 13:48:29 - INFO - build_flat.py:60 - working on file: TOD_HBO_Inc1_PM_HOV2.csv
2015-11-06 13:48:31 - INFO - build_flat.py:60 - working on file: TOD_HBO_Inc1_PM_HOV3.csv
2015-11-06 13:48:33 - INFO - build_flat.py:60 - working on file: TOD_HBO_Inc1_PM_SOV.csv
2015-11-06 13:48:34 - INFO - build_flat.py:60 - working on file: TOD_HBO_Inc2_AM_HOV2.csv
2015-11-06 13:48:36 - INFO - build_flat.py:60 - working on file: TOD_HBO_Inc2_AM_HOV3.csv
2015-11-06 13:48:38 - INFO - build_flat.py:60 - working on file: TOD_HBO_Inc2_AM_SOV.csv
2015-11-06 13:48:40 - INFO - build_flat.py:60 - working on file: TOD_HBO_Inc2_MD_HOV2.csv
2015-11-06 13:48:41 - INFO - build_flat.py:60 - working on file: TOD_HBO_Inc2_MD_HOV3.csv
2015-11-06 13:48:43 - INFO - build_flat.py:60 - working on file: TOD_HBO_Inc2_MD_SOV.csv
2015-11-06 13:48:45 - INFO - build_flat.py:60 - working on file: TOD_HBO_Inc2_PM_HOV2.csv
2015-11-06 13:48:46 - INFO - build_flat.py:60 - working on file: TOD_HBO_Inc2_PM_HOV3.csv
2015-11-06 13:48:48 - INFO - build_flat.py:60 - working on file: TOD_HBO_Inc2_PM_SOV.csv
2015-11-06 13:48:50 - INFO - build_flat.py:60 - working on file: TOD_HBO_Inc3_AM_HOV2.csv
2015-11-06 13:48:51 - INFO - build_flat.py:60 - working on file: TOD_HBO_Inc3_AM_HOV3.csv
2015-11-06 13:48:53 - INFO - build_flat.py:60 - working on file: TOD_HBO_Inc3_AM_SOV.csv
2015-11-06 13:48:55 - INFO - build_flat.py:60 - working on file: TOD_HBO_Inc3_MD_HOV2.csv
2015-11-06 13:48:56 - INFO - build_flat.py:60 - working on file: TOD_HBO_Inc3_MD_HOV3.csv
2015-11-06 13:48:58 - INFO - build_flat.py:60 - working on file: TOD_HBO_Inc3_MD_SOV.csv
2015-11-06 13:49:00 - INFO - build_flat.py:60 - working on file: TOD_HBO_Inc3_PM_HOV2.csv
2015-11-06 13:49:01 - INFO - build_flat.py:60 - working on file: TOD_HBO_Inc3_PM_HOV3.csv
2015-11-06 13:49:03 - INFO - build_flat.py:60 - working on file: TOD_HBO_Inc3_PM_SOV.csv
2015-11-06 13:49:05 - INFO - build_flat.py:60 - working on file: TOD_HBO_Inc4_AM_HOV2.csv
2015-11-06 13:49:06 - INFO - build_flat.py:60 - working on file: TOD_HBO_Inc4_AM_HOV3.csv
2015-11-06 13:49:08 - INFO - build_flat.py:60 - working on file: TOD_HBO_Inc4_AM_SOV.csv
2015-11-06 13:49:10 - INFO - build_flat.py:60 - working on file: TOD_HBO_Inc4_MD_HOV2.csv
2015-11-06 13:49:11 - INFO - build_flat.py:60 - working on file: TOD_HBO_Inc4_MD_HOV3.csv
2015-11-06 13:49:13 - INFO - build_flat.py:60 - working on file: TOD_HBO_Inc4_MD_SOV.csv
2015-11-06 13:49:15 - INFO - build_flat.py:60 - working on file: TOD_HBO_Inc4_PM_HOV2.csv
2015-11-06 13:49:16 - INFO - build_flat.py:60 - working on file: TOD_HBO_Inc4_PM_HOV3.csv
2015-11-06 13:49:18 - INFO - build_flat.py:60 - working on file: TOD_HBO_Inc4_PM_SOV.csv
2015-11-06 13:49:20 - INFO - build_flat.py:60 - working on file: TOD_HBO_Inc5_AM_HOV2.csv
2015-11-06 13:49:21 - INFO - build_flat.py:60 - working on file: TOD_HBO_Inc5_AM_HOV3.csv
2015-11-06 13:49:23 - INFO - build_flat.py:60 - working on file: TOD_HBO_Inc5_AM_SOV.csv
2015-11-06 13:49:25 - INFO - build_flat.py:60 - working on file: TOD_HBO_Inc5_MD_HOV2.csv
2015-11-06 13:49:26 - INFO - build_flat.py:60 - working on file: TOD_HBO_Inc5_MD_HOV3.csv
2015-11-06 13:49:28 - INFO - build_flat.py:60 - working on file: TOD_HBO_Inc5_MD_SOV.csv
2015-11-06 13:49:30 - INFO - build_flat.py:60 - working on file: TOD_HBO_Inc5_PM_HOV2.csv
2015-11-06 13:49:31 - INFO - build_flat.py:60 - working on file: TOD_HBO_Inc5_PM_HOV3.csv
2015-11-06 13:49:33 - INFO - build_flat.py:60 - working on file: TOD_HBO_Inc5_PM_SOV.csv
2015-11-06 13:49:35 - INFO - build_flat.py:60 - working on file: TOD_HBS_Inc1_AM_HOV2.csv
2015-11-06 13:49:36 - INFO - build_flat.py:60 - working on file: TOD_HBS_Inc1_AM_HOV3.csv
2015-11-06 13:49:38 - INFO - build_flat.py:60 - working on file: TOD_HBS_Inc1_AM_SOV.csv
2015-11-06 13:49:40 - INFO - build_flat.py:60 - working on file: TOD_HBS_Inc1_MD_HOV2.csv
2015-11-06 13:49:41 - INFO - build_flat.py:60 - working on file: TOD_HBS_Inc1_MD_HOV3.csv
2015-11-06 13:49:43 - INFO - build_flat.py:60 - working on file: TOD_HBS_Inc1_MD_SOV.csv
2015-11-06 13:49:45 - INFO - build_flat.py:60 - working on file: TOD_HBS_Inc1_PM_HOV2.csv
2015-11-06 13:49:46 - INFO - build_flat.py:60 - working on file: TOD_HBS_Inc1_PM_HOV3.csv
2015-11-06 13:49:48 - INFO - build_flat.py:60 - working on file: TOD_HBS_Inc1_PM_SOV.csv
2015-11-06 13:49:50 - INFO - build_flat.py:60 - working on file: TOD_HBS_Inc2_AM_HOV2.csv
2015-11-06 13:49:51 - INFO - build_flat.py:60 - working on file: TOD_HBS_Inc2_AM_HOV3.csv
2015-11-06 13:49:53 - INFO - build_flat.py:60 - working on file: TOD_HBS_Inc2_AM_SOV.csv
2015-11-06 13:49:55 - INFO - build_flat.py:60 - working on file: TOD_HBS_Inc2_MD_HOV2.csv
2015-11-06 13:49:56 - INFO - build_flat.py:60 - working on file: TOD_HBS_Inc2_MD_HOV3.csv
2015-11-06 13:49:58 - INFO - build_flat.py:60 - working on file: TOD_HBS_Inc2_MD_SOV.csv
2015-11-06 13:50:00 - INFO - build_flat.py:60 - working on file: TOD_HBS_Inc2_PM_HOV2.csv
2015-11-06 13:50:01 - INFO - build_flat.py:60 - working on file: TOD_HBS_Inc2_PM_HOV3.csv
2015-11-06 13:50:03 - INFO - build_flat.py:60 - working on file: TOD_HBS_Inc2_PM_SOV.csv
2015-11-06 13:50:05 - INFO - build_flat.py:60 - working on file: TOD_HBS_Inc3_AM_HOV2.csv
2015-11-06 13:50:06 - INFO - build_flat.py:60 - working on file: TOD_HBS_Inc3_AM_HOV3.csv
2015-11-06 13:50:08 - INFO - build_flat.py:60 - working on file: TOD_HBS_Inc3_AM_SOV.csv
2015-11-06 13:50:10 - INFO - build_flat.py:60 - working on file: TOD_HBS_Inc3_MD_HOV2.csv
2015-11-06 13:50:11 - INFO - build_flat.py:60 - working on file: TOD_HBS_Inc3_MD_HOV3.csv
2015-11-06 13:50:13 - INFO - build_flat.py:60 - working on file: TOD_HBS_Inc3_MD_SOV.csv
2015-11-06 13:50:15 - INFO - build_flat.py:60 - working on file: TOD_HBS_Inc3_PM_HOV2.csv
2015-11-06 13:50:16 - INFO - build_flat.py:60 - working on file: TOD_HBS_Inc3_PM_HOV3.csv
2015-11-06 13:50:18 - INFO - build_flat.py:60 - working on file: TOD_HBS_Inc3_PM_SOV.csv
2015-11-06 13:50:20 - INFO - build_flat.py:60 - working on file: TOD_HBS_Inc4_AM_HOV2.csv
2015-11-06 13:50:21 - INFO - build_flat.py:60 - working on file: TOD_HBS_Inc4_AM_HOV3.csv
2015-11-06 13:50:23 - INFO - build_flat.py:60 - working on file: TOD_HBS_Inc4_AM_SOV.csv
2015-11-06 13:50:25 - INFO - build_flat.py:60 - working on file: TOD_HBS_Inc4_MD_HOV2.csv
2015-11-06 13:50:26 - INFO - build_flat.py:60 - working on file: TOD_HBS_Inc4_MD_HOV3.csv
2015-11-06 13:50:28 - INFO - build_flat.py:60 - working on file: TOD_HBS_Inc4_MD_SOV.csv
2015-11-06 13:50:30 - INFO - build_flat.py:60 - working on file: TOD_HBS_Inc4_PM_HOV2.csv
2015-11-06 13:50:31 - INFO - build_flat.py:60 - working on file: TOD_HBS_Inc4_PM_HOV3.csv
2015-11-06 13:50:33 - INFO - build_flat.py:60 - working on file: TOD_HBS_Inc4_PM_SOV.csv
2015-11-06 13:50:35 - INFO - build_flat.py:60 - working on file: TOD_HBS_Inc5_AM_HOV2.csv
2015-11-06 13:50:36 - INFO - build_flat.py:60 - working on file: TOD_HBS_Inc5_AM_HOV3.csv
2015-11-06 13:50:38 - INFO - build_flat.py:60 - working on file: TOD_HBS_Inc5_AM_SOV.csv
2015-11-06 13:50:40 - INFO - build_flat.py:60 - working on file: TOD_HBS_Inc5_MD_HOV2.csv
2015-11-06 13:50:41 - INFO - build_flat.py:60 - working on file: TOD_HBS_Inc5_MD_HOV3.csv
2015-11-06 13:50:43 - INFO - build_flat.py:60 - working on file: TOD_HBS_Inc5_MD_SOV.csv
2015-11-06 13:50:44 - INFO - build_flat.py:60 - working on file: TOD_HBS_Inc5_PM_HOV2.csv
2015-11-06 13:50:46 - INFO - build_flat.py:60 - working on file: TOD_HBS_Inc5_PM_HOV3.csv
2015-11-06 13:50:48 - INFO - build_flat.py:60 - working on file: TOD_HBS_Inc5_PM_SOV.csv
2015-11-06 13:50:50 - INFO - build_flat.py:60 - working on file: TOD_HBW_Inc1_AM_HOV2.csv
2015-11-06 13:50:51 - INFO - build_flat.py:60 - working on file: TOD_HBW_Inc1_AM_HOV3.csv
2015-11-06 13:50:53 - INFO - build_flat.py:60 - working on file: TOD_HBW_Inc1_AM_SOV.csv
2015-11-06 13:50:54 - INFO - build_flat.py:60 - working on file: TOD_HBW_Inc1_MD_HOV2.csv
2015-11-06 13:50:56 - INFO - build_flat.py:60 - working on file: TOD_HBW_Inc1_MD_HOV3.csv
2015-11-06 13:50:58 - INFO - build_flat.py:60 - working on file: TOD_HBW_Inc1_MD_SOV.csv
2015-11-06 13:50:59 - INFO - build_flat.py:60 - working on file: TOD_HBW_Inc1_PM_HOV2.csv
2015-11-06 13:51:01 - INFO - build_flat.py:60 - working on file: TOD_HBW_Inc1_PM_HOV3.csv
2015-11-06 13:51:03 - INFO - build_flat.py:60 - working on file: TOD_HBW_Inc1_PM_SOV.csv
2015-11-06 13:51:04 - INFO - build_flat.py:60 - working on file: TOD_HBW_Inc2_AM_HOV2.csv
2015-11-06 13:51:06 - INFO - build_flat.py:60 - working on file: TOD_HBW_Inc2_AM_HOV3.csv
2015-11-06 13:51:08 - INFO - build_flat.py:60 - working on file: TOD_HBW_Inc2_AM_SOV.csv
2015-11-06 13:51:09 - INFO - build_flat.py:60 - working on file: TOD_HBW_Inc2_MD_HOV2.csv
2015-11-06 13:51:11 - INFO - build_flat.py:60 - working on file: TOD_HBW_Inc2_MD_HOV3.csv
2015-11-06 13:51:13 - INFO - build_flat.py:60 - working on file: TOD_HBW_Inc2_MD_SOV.csv
2015-11-06 13:51:14 - INFO - build_flat.py:60 - working on file: TOD_HBW_Inc2_PM_HOV2.csv
2015-11-06 13:51:16 - INFO - build_flat.py:60 - working on file: TOD_HBW_Inc2_PM_HOV3.csv
2015-11-06 13:52:35 - INFO - build_flat.py:78 - done
2015-11-06 13:52:35 - INFO - build_flat.py:37 - creating np array from TRANSIT_OD_TimeCost
